Performing C SOURCE FILE Test CMAKE_HAVE_LIBC_PTHREAD failed with the following output:
Change Dir: /home/lichao/catkin_plane_detection/src/my_plane_detection_ros-master/build/CMakeFiles/CMakeTmp

Run Build Command(s):/usr/bin/make cmTC_756fd/fast && /usr/bin/make -f CMakeFiles/cmTC_756fd.dir/build.make CMakeFiles/cmTC_756fd.dir/build
make[1]: 进入目录“/home/lichao/catkin_plane_detection/src/my_plane_detection_ros-master/build/CMakeFiles/CMakeTmp”
Building C object CMakeFiles/cmTC_756fd.dir/src.c.o
/usr/bin/cc   -DCMAKE_HAVE_LIBC_PTHREAD   -o CMakeFiles/cmTC_756fd.dir/src.c.o   -c /home/lichao/catkin_plane_detection/src/my_plane_detection_ros-master/build/CMakeFiles/CMakeTmp/src.c
Linking C executable cmTC_756fd
/usr/bin/cmake -E cmake_link_script CMakeFiles/cmTC_756fd.dir/link.txt --verbose=1
/usr/bin/cc  -DCMAKE_HAVE_LIBC_PTHREAD    CMakeFiles/cmTC_756fd.dir/src.c.o  -o cmTC_756fd 
/usr/bin/ld: CMakeFiles/cmTC_756fd.dir/src.c.o: in function `main':
src.c:(.text+0x46): undefined reference to `pthread_create'
/usr/bin/ld: src.c:(.text+0x52): undefined reference to `pthread_detach'
/usr/bin/ld: src.c:(.text+0x63): undefined reference to `pthread_join'
collect2: error: ld returned 1 exit status
make[1]: *** [CMakeFiles/cmTC_756fd.dir/build.make:87：cmTC_756fd] 错误 1
make[1]: 离开目录“/home/lichao/catkin_plane_detection/src/my_plane_detection_ros-master/build/CMakeFiles/CMakeTmp”
make: *** [Makefile:121：cmTC_756fd/fast] 错误 2


Source file was:
#include <pthread.h>

void* test_func(void* data)
{
  return data;
}

int main(void)
{
  pthread_t thread;
  pthread_create(&thread, NULL, test_func, NULL);
  pthread_detach(thread);
  pthread_join(thread, NULL);
  pthread_atfork(NULL, NULL, NULL);
  pthread_exit(NULL);

  return 0;
}

Determining if the function pthread_create exists in the pthreads failed with the following output:
Change Dir: /home/lichao/catkin_plane_detection/src/my_plane_detection_ros-master/build/CMakeFiles/CMakeTmp

Run Build Command(s):/usr/bin/make cmTC_6c7ab/fast && /usr/bin/make -f CMakeFiles/cmTC_6c7ab.dir/build.make CMakeFiles/cmTC_6c7ab.dir/build
make[1]: 进入目录“/home/lichao/catkin_plane_detection/src/my_plane_detection_ros-master/build/CMakeFiles/CMakeTmp”
Building C object CMakeFiles/cmTC_6c7ab.dir/CheckFunctionExists.c.o
/usr/bin/cc   -DCHECK_FUNCTION_EXISTS=pthread_create   -o CMakeFiles/cmTC_6c7ab.dir/CheckFunctionExists.c.o   -c /usr/share/cmake-3.16/Modules/CheckFunctionExists.c
Linking C executable cmTC_6c7ab
/usr/bin/cmake -E cmake_link_script CMakeFiles/cmTC_6c7ab.dir/link.txt --verbose=1
/usr/bin/cc  -DCHECK_FUNCTION_EXISTS=pthread_create    CMakeFiles/cmTC_6c7ab.dir/CheckFunctionExists.c.o  -o cmTC_6c7ab  -lpthreads 
/usr/bin/ld: 找不到 -lpthreads
collect2: error: ld returned 1 exit status
make[1]: *** [CMakeFiles/cmTC_6c7ab.dir/build.make:87：cmTC_6c7ab] 错误 1
make[1]: 离开目录“/home/lichao/catkin_plane_detection/src/my_plane_detection_ros-master/build/CMakeFiles/CMakeTmp”
make: *** [Makefile:121：cmTC_6c7ab/fast] 错误 2



